<?xml version="1.0" encoding="UTF-8"?>
<!-- Generated by org.testng.reporters.JUnitReportReporter -->
<testsuite hostname="DESKTOP-KQBH998" failures="0" tests="2" name="basic.Payment" time="0.006" errors="0" timestamp="19 Jun 2024 11:58:36 GMT" skipped="0">
  <testcase classname="basic.Payment" name="creditCard" time="0.003"/>
  <testcase classname="basic.Payment" name="debitCard" time="0.003"/>
</testsuite> <!-- basic.Payment -->
