<?xml version="1.0" encoding="UTF-8"?>
<!-- Generated by org.testng.reporters.JUnitReportReporter -->
<testsuite hostname="DESKTOP-KQBH998" failures="0" tests="2" name="basic.Account" time="0.005" errors="0" timestamp="19 Jun 2024 11:58:36 GMT" skipped="0">
  <testcase classname="basic.Account" name="currentAccount" time="0.003"/>
  <testcase classname="basic.Account" name="currentAccount" time="0.002"/>
</testsuite> <!-- basic.Account -->
