<?xml version="1.0" encoding="UTF-8"?>
<!-- Generated by org.testng.reporters.JUnitReportReporter -->
<testsuite hostname="DESKTOP-KQBH998" failures="0" tests="2" name="exception.ExceptonDemo" time="0.015" errors="0" timestamp="19 Jun 2024 12:12:14 GMT" skipped="0">
  <testcase classname="exception.ExceptonDemo" name="test" time="0.006"/>
  <testcase classname="exception.ExceptonDemo" name="demo" time="0.009"/>
</testsuite> <!-- exception.ExceptonDemo -->
