<?xml version="1.0" encoding="UTF-8"?>
<!-- Generated by org.testng.reporters.JUnitReportReporter -->
<testsuite hostname="DESKTOP-KQBH998" failures="0" tests="1" name="parameters.Login" time="4.196" errors="0" timestamp="19 Jun 2024 12:26:58 GMT" skipped="0">
  <testcase classname="parameters.Login" name="test" time="4.196"/>
</testsuite> <!-- parameters.Login -->
