<?xml version="1.0" encoding="UTF-8"?>
<!-- Generated by org.testng.reporters.JUnitReportReporter -->
<testsuite hostname="DESKTOP-VNEPCMP" failures="0" tests="6" name="basic.Payment" time="0.050" errors="0" timestamp="15 Jun 2024 12:08:48 GMT" skipped="0">
  <testcase classname="basic.Payment" name="debitCard" time="0.012"/>
  <testcase classname="basic.Payment" name="debitCard" time="0.007"/>
  <testcase classname="basic.Payment" name="upi" time="0.005"/>
  <testcase classname="basic.Payment" name="creditCard" time="0.006"/>
  <testcase classname="basic.Payment" name="creditCard" time="0.012"/>
  <testcase classname="basic.Payment" name="upi" time="0.008"/>
</testsuite> <!-- basic.Payment -->
