<?xml version="1.0" encoding="UTF-8"?>
<!-- Generated by org.testng.reporters.JUnitReportReporter -->
<testsuite hostname="DESKTOP-VNEPCMP" failures="0" tests="3" name="com.FirstTest" time="0.052" errors="0" timestamp="13 Jun 2024 12:11:42 GMT" skipped="1">
  <testcase classname="com.FirstTest" name="test" time="0.048"/>
  <testcase classname="com.FirstTest" name="beta" time="0.004"/>
  <testcase classname="com.FirstTest" name="alpha">
    <skipped/>
  </testcase> <!-- alpha -->
</testsuite> <!-- com.FirstTest -->
