<?xml version="1.0" encoding="UTF-8"?>
<!-- Generated by org.testng.reporters.JUnitReportReporter -->
<testsuite hostname="DESKTOP-KQBH998" failures="0" tests="3" name="dependency.MyApp" time="0.030" errors="0" timestamp="19 Jun 2024 12:07:02 GMT" skipped="0">
  <testcase classname="dependency.MyApp" name="login" time="0.027"/>
  <testcase classname="dependency.MyApp" name="home" time="0.002"/>
  <testcase classname="dependency.MyApp" name="logout" time="0.001"/>
</testsuite> <!-- dependency.MyApp -->
