<?xml version="1.0" encoding="UTF-8"?>
<!-- Generated by org.testng.reporters.JUnitReportReporter -->
<testsuite hostname="DESKTOP-KQBH998" failures="0" tests="4" name="parameters.Login2" time="1.361" errors="0" timestamp="24 Jun 2024 11:15:45 GMT" skipped="0">
  <testcase classname="parameters.Login2" name="test" time="0.330"/>
  <testcase classname="parameters.Login2" name="test" time="0.317"/>
  <testcase classname="parameters.Login2" name="test" time="0.381"/>
  <testcase classname="parameters.Login2" name="test" time="0.333"/>
</testsuite> <!-- parameters.Login2 -->
