<?xml version="1.0" encoding="UTF-8"?>
<!-- Generated by org.testng.reporters.JUnitReportReporter -->
<testsuite hostname="DESKTOP-VNEPCMP" failures="0" tests="1" name="com.LoginTest" time="6.236" errors="0" timestamp="27 Jun 2024 12:06:13 GMT" skipped="0">
  <testcase classname="com.LoginTest" name="test" time="6.236"/>
</testsuite> <!-- com.LoginTest -->
