<?xml version="1.0" encoding="UTF-8"?>
<!-- Generated by org.testng.reporters.JUnitReportReporter -->
<testsuite hostname="DESKTOP-VNEPCMP" failures="0" tests="1" name="com.RegTest" time="6.794" errors="0" timestamp="27 Jun 2024 12:14:52 GMT" skipped="0">
  <testcase classname="com.RegTest" name="test" time="6.794"/>
</testsuite> <!-- com.RegTest -->
