<?xml version="1.0" encoding="UTF-8"?>
<!-- Generated by org.testng.reporters.JUnitReportReporter -->
<testsuite hostname="DESKTOP-VNEPCMP" failures="0" tests="3" name="com.Login2" time="11.163" errors="0" timestamp="25 Jun 2024 11:48:14 GMT" skipped="0">
  <testcase classname="com.Login2" name="test" time="5.785"/>
  <testcase classname="com.Login2" name="test" time="2.795"/>
  <testcase classname="com.Login2" name="test" time="2.583"/>
</testsuite> <!-- com.Login2 -->
