<?xml version="1.0" encoding="UTF-8"?>
<!-- Generated by org.testng.reporters.JUnitReportReporter -->
<testsuite hostname="DESKTOP-KQBH998" failures="0" tests="5" name="com.KeywordDriven" time="4.286" errors="0" timestamp="26 Jun 2024 12:15:33 GMT" skipped="0">
  <testcase classname="com.KeywordDriven" name="test" time="0.122"/>
  <testcase classname="com.KeywordDriven" name="test" time="1.848"/>
  <testcase classname="com.KeywordDriven" name="test" time="0.165"/>
  <testcase classname="com.KeywordDriven" name="test" time="1.395"/>
  <testcase classname="com.KeywordDriven" name="test" time="0.756"/>
</testsuite> <!-- com.KeywordDriven -->
