<?xml version="1.0" encoding="UTF-8"?>
<!-- Generated by org.testng.reporters.JUnitReportReporter -->
<testsuite hostname="DESKTOP-KQBH998" failures="0" tests="1" name="com.NewTest" time="0.009" errors="0" timestamp="28 Jun 2024 12:30:07 GMT" skipped="0">
  <testcase classname="com.NewTest" name="login" time="0.009"/>
</testsuite> <!-- com.NewTest -->
